********************************************************************************
*                        Tuesday, 07 June 2016 17:25:25                        *
********************************************************************************
CSharpCompilerWrapper.exe version: 1.7.0.0
Platform: Mac
Target assembly: /Assembly-CSharp.dll
Project directory: /Users/Loli/Downloads/WixCalculator-0.zip
Unity 'Data' or 'Frameworks' directory: /Applications/Unity/Unity.app/Contents/Frameworks
Microsoft C# 6.0 compiler found, but it is not supported on the current platform. Looking for another compiler...
Compiler: Mono C# 6.0

- Compilation -----------------------------------------------

Process: /Applications/Unity/Unity.app/Contents/Frameworks/MonoBleedingEdge/bin/mono
Arguments: "/Users/Loli/Downloads/WixCalculator-0.zip/CSharp60Support/mcs.exe" -sdk:2 -debug+ -langversion:Default @Temp/UnityTempFile-ebd4431d4501f453abebceedb462d9ac
Exit code: 1
Elapsed time: 1.12 sec

- Compiler output (1 line):
0: Compilation failed: 3 error(s), 0 warnings

- Compiler errors (3 lines):
0: Assets/Scripts/DropButtonList.cs(18,25): error CS0029: Cannot implicitly convert type `UnityEngine.Transform' to `UnityEngine.GameObject'
1: Assets/Scripts/DropButtonList.cs(20,12): error CS1656: Cannot assign to `OnSelect' because it is a `method group'
2: Assets/Scripts/DropButtonList.cs(21,12): error CS1656: Cannot assign to `OnDeselect' because it is a `method group'
********************************************************************************
*                        Tuesday, 07 June 2016 17:26:15                        *
********************************************************************************
CSharpCompilerWrapper.exe version: 1.7.0.0
Platform: Mac
Target assembly: /Assembly-CSharp.dll
Project directory: /Users/Loli/Downloads/WixCalculator-0.zip
Unity 'Data' or 'Frameworks' directory: /Applications/Unity/Unity.app/Contents/Frameworks
Microsoft C# 6.0 compiler found, but it is not supported on the current platform. Looking for another compiler...
Compiler: Mono C# 6.0

- Compilation -----------------------------------------------

Process: /Applications/Unity/Unity.app/Contents/Frameworks/MonoBleedingEdge/bin/mono
Arguments: "/Users/Loli/Downloads/WixCalculator-0.zip/CSharp60Support/mcs.exe" -sdk:2 -debug+ -langversion:Default @Temp/UnityTempFile-1abada7f1ce2c4e7bacffa77a48766e6
Exit code: 1
Elapsed time: 1.22 sec

- Compiler output (1 line):
0: Compilation failed: 2 error(s), 0 warnings

- Compiler errors (2 lines):
0: Assets/Scripts/DropButtonList.cs(20,12): error CS1656: Cannot assign to `OnSelect' because it is a `method group'
1: Assets/Scripts/DropButtonList.cs(21,12): error CS1656: Cannot assign to `OnDeselect' because it is a `method group'
********************************************************************************
*                        Tuesday, 07 June 2016 17:30:44                        *
********************************************************************************
CSharpCompilerWrapper.exe version: 1.7.0.0
Platform: Mac
Target assembly: /Assembly-CSharp.dll
Project directory: /Users/Loli/Downloads/WixCalculator-0.zip
Unity 'Data' or 'Frameworks' directory: /Applications/Unity/Unity.app/Contents/Frameworks
Microsoft C# 6.0 compiler found, but it is not supported on the current platform. Looking for another compiler...
Compiler: Mono C# 6.0

- Compilation -----------------------------------------------

Process: /Applications/Unity/Unity.app/Contents/Frameworks/MonoBleedingEdge/bin/mono
Arguments: "/Users/Loli/Downloads/WixCalculator-0.zip/CSharp60Support/mcs.exe" -sdk:2 -debug+ -langversion:Default @Temp/UnityTempFile-6bce30682632b4106b61a77bcc944c0e
Exit code: 1
Elapsed time: 1.13 sec

- Compiler output (1 line):
0: Compilation failed: 2 error(s), 0 warnings

- Compiler errors (6 lines):
0: Assets/Scripts/DropButtonList.cs(6,15): error CS0737: `UnityEngine.UI.DropButtonList' does not implement interface member `UnityEngine.EventSystems.ISelectHandler.OnSelect(UnityEngine.EventSystems.BaseEventData)' and the best implementing candidate `UnityEngine.UI.DropButtonList.OnSelect(UnityEngine.EventSystems.BaseEventData)' is not public
1: /Applications/Unity/Unity.app/Contents/UnityExtensions/Unity/GUISystem/UnityEngine.UI.dll (Location of the symbol related to previous error)
2: Assets/Scripts/DropButtonList.cs(20,8): (Location of the symbol related to previous error)
3: Assets/Scripts/DropButtonList.cs(6,15): error CS0737: `UnityEngine.UI.DropButtonList' does not implement interface member `UnityEngine.EventSystems.IDeselectHandler.OnDeselect(UnityEngine.EventSystems.BaseEventData)' and the best implementing candidate `UnityEngine.UI.DropButtonList.OnDeselect(UnityEngine.EventSystems.BaseEventData)' is not public
4: /Applications/Unity/Unity.app/Contents/UnityExtensions/Unity/GUISystem/UnityEngine.UI.dll (Location of the symbol related to previous error)
5: Assets/Scripts/DropButtonList.cs(24,8): (Location of the symbol related to previous error)
********************************************************************************
*                        Tuesday, 07 June 2016 17:31:33                        *
********************************************************************************
CSharpCompilerWrapper.exe version: 1.7.0.0
Platform: Mac
Target assembly: /Assembly-CSharp.dll
Project directory: /Users/Loli/Downloads/WixCalculator-0.zip
Unity 'Data' or 'Frameworks' directory: /Applications/Unity/Unity.app/Contents/Frameworks
Microsoft C# 6.0 compiler found, but it is not supported on the current platform. Looking for another compiler...
Compiler: Mono C# 6.0

- Compilation -----------------------------------------------

Process: /Applications/Unity/Unity.app/Contents/Frameworks/MonoBleedingEdge/bin/mono
Arguments: "/Users/Loli/Downloads/WixCalculator-0.zip/CSharp60Support/mcs.exe" -sdk:2 -debug+ -langversion:Default @Temp/UnityTempFile-7b440efab1a67464b90caa6012be3e1c
Exit code: 0
Elapsed time: 1.25 sec

- Compiler output (1 line):
0: Compilation succeeded - 1 warning(s)

- Compiler errors (1 line):
0: Assets/Scripts/DropButtonList.cs(9,14): warning CS0414: The private field `UnityEngine.UI.DropButtonList.menuItem' is assigned but its value is never used
********************************************************************************
*                        Tuesday, 07 June 2016 17:32:16                        *
********************************************************************************
CSharpCompilerWrapper.exe version: 1.7.0.0
Platform: Mac
Target assembly: /Assembly-CSharp.dll
Project directory: /Users/Loli/Downloads/WixCalculator-0.zip
Unity 'Data' or 'Frameworks' directory: /Applications/Unity/Unity.app/Contents/Frameworks
Microsoft C# 6.0 compiler found, but it is not supported on the current platform. Looking for another compiler...
Compiler: Mono C# 6.0

- Compilation -----------------------------------------------

Process: /Applications/Unity/Unity.app/Contents/Frameworks/MonoBleedingEdge/bin/mono
Arguments: "/Users/Loli/Downloads/WixCalculator-0.zip/CSharp60Support/mcs.exe" -sdk:2 -debug+ -langversion:Default @Temp/UnityTempFile-d313b8ba2b1674968a1212b3900ce048
Exit code: 0
Elapsed time: 1.24 sec

- Compiler output (1 line):
0: Compilation succeeded - 1 warning(s)

- Compiler errors (1 line):
0: Assets/Scripts/DropButtonList.cs(9,14): warning CS0414: The private field `UnityEngine.UI.DropButtonList.menuItem' is assigned but its value is never used
********************************************************************************
*                        Tuesday, 07 June 2016 17:34:44                        *
********************************************************************************
CSharpCompilerWrapper.exe version: 1.7.0.0
Platform: Mac
Target assembly: /Assembly-CSharp.dll
Project directory: /Users/Loli/Downloads/WixCalculator-0.zip
Unity 'Data' or 'Frameworks' directory: /Applications/Unity/Unity.app/Contents/Frameworks
Microsoft C# 6.0 compiler found, but it is not supported on the current platform. Looking for another compiler...
Compiler: Mono C# 6.0

- Compilation -----------------------------------------------

Process: /Applications/Unity/Unity.app/Contents/Frameworks/MonoBleedingEdge/bin/mono
Arguments: "/Users/Loli/Downloads/WixCalculator-0.zip/CSharp60Support/mcs.exe" -sdk:2 -debug+ -langversion:Default @Temp/UnityTempFile-7066f74017be448b5ae2d97b9c3fc0c4
Exit code: 0
Elapsed time: 1.11 sec

- Compiler output (0 lines):

- Compiler errors (0 lines):
